[LOG] System::create                           : Header version = 2.02.19. Current version = 2.02.19.
[LOG] Manager::init                            : maxchannels = 256 studioflags = 00000006 flags 00000000 extradriverdata 0000000000000000.
[LOG] SystemI::init                            : Initialize version=20219 (137979), maxchannels=256, flags=0x00020000
[LOG] SystemI::setOutputInternal               : Setting output to 'FMOD WASAPI Output'
[LOG] OutputWASAPI::init                       : Mix Format (WAVEFORMATEX): wFormatTag=0xFFFE, nChannels=8, nSamplesPerSec=48000, nAvgBytesPerSec=1536000, nBlockAlign=32, wBitsPerSample=32, cbSize=22.
[LOG] OutputWASAPI::init                       : Mix Format (WAVEFORMATEXTENSIBLE): wValidBitsPerSample=32, dwChannelMask=0x0000063F, SubFormat=00000003-0000-0010-8000-00AA00389B71.
[LOG] OutputWASAPI::init                       : Output buffer size: 4096 samples, latency: 0.00ms, period: 10.00ms, DSP buffer: 1024 * 4
[LOG] DownMix::init                            : dspbuffersize: 1024  rate: 48000. output speaker mode: 7, input speaker mode 3
[LOG] DownMix::init                            : done.
[LOG] Thread::initThread                       : Init FMOD stream thread. Affinity: 0x4000000000000003, Priority: 0xFFFF7FFB, Stack Size: 98304, Semaphore: No, Sleep Time: 10, Looping: Yes.
[LOG] Thread::initThread                       : Init FMOD mixer thread. Affinity: 0x4000000000000001, Priority: 0xFFFF7FFA, Stack Size: 81920, Semaphore: No, Sleep Time: 0, Looping: Yes.
[LOG] AsyncManager::init                       : manager 00000247B1F6BCE8 isAsync 0 updatePeriod 0.02
[LOG] AsyncManager::init                       : done
[LOG] PlaybackSystem::init                     : 
[LOG] Thread::initThread                       : Init FMOD Studio sample load thread. Affinity: 0x4000000000000003, Priority: 0xFFFF7FFD, Stack Size: 98304, Semaphore: No, Sleep Time: 1, Looping: No.
[LOG] PlaybackSystem::init                     : done
[LOG] Thread::initThread                       : Init FMOD Studio bank load thread. Affinity: 0x4000000000000003, Priority: 0xFFFF7FFD, Stack Size: 98304, Semaphore: No, Sleep Time: 1, Looping: No.
[LOG] Manager::init                            : done.
[LOG] Manager::readBank                        : fileversion = 142, compatVersion = 140 (oldest = 44, newest = 142)
[LOG] Manager::readBank                        : fileversion = 142, compatVersion = 140 (oldest = 44, newest = 142)
[LOG] Manager::readBank                        : fileversion = 142, compatVersion = 140 (oldest = 44, newest = 142)
[LOG] PlaybackSystem::acquireMasterBus         : Setting master channel group format to 6
[LOG] SystemI::createSound                     : filename = Assets/FmodProj/GameOff2023_FMOD/Build/Desktop/Master.bank : mode 02010082
[LOG] SystemI::createSound                     : FMOD_NONBLOCKING specified.  Putting into queue to be opened asynchronously!
[LOG] AsyncThread::add                         : add sound to async queue : soundi = 000002482AFA1DF8, queue head = 00000245B0C96F78, queue count = 0
[LOG] AsyncThread::threadFunc                  : Starting Asynchronous operation on sound 000002482AFA1DF8
[LOG] SystemI::createSoundInternal             :     Create name='Assets/FmodProj/GameOff2023_FMOD/Build/Desktop/Master.bank', mode=0x02010082
[LOG] SystemI::createSoundInternal             :     exinfo->cbsize             = 224
[LOG] SystemI::createSoundInternal             :     exinfo->length             = 3187136
[LOG] SystemI::createSoundInternal             :     exinfo->fileoffset         = 15040
[LOG] SystemI::createSoundInternal             :     exinfo->numsubsounds       = 1
[LOG] SystemI::createSoundInternal             :     exinfo->inclusionlist      = 00000247D8DA2AC0
[LOG] SystemI::createSoundInternal             :     exinfo->inclusionlistnum   = 1
[LOG] SystemI::createSoundInternal             :     exinfo->suggestedsoundtype = 5
[LOG] SystemI::createSoundInternal             :     exinfo->initialseekpostype = 1
[LOG] SystemI::createSoundInternal             :     Stream 0/1: name='Mx_01_Intro_Main_1', format=5, channels=2, frequency=48000, lengthbytes=149920, lengthpcm=837819, pcmblocksize=0, loopstart=0, loopend=0, mode=0x00000000, channelmask=0x00000000, channelorder=0, peakvolume=0.182956.
[LOG] AsyncThread::threadFunc                  : Finished Asynchronous operation on sound 000002482AFA1DF8
[LOG] AsyncThread::add                         : add sound to async queue : soundi = 000002482A986158, queue head = 00000245B0C96F78, queue count = 0
[LOG] AsyncThread::threadFunc                  : Starting Asynchronous operation on sound 000002482A986158
[LOG] AsyncThread::threadFunc                  : Finished Asynchronous operation on sound 000002482A986158
[LOG] SystemI::createSound                     : filename = Assets/FmodProj/GameOff2023_FMOD/Build/Desktop/Master.bank : mode 02010082
[LOG] SystemI::createSound                     : FMOD_NONBLOCKING specified.  Putting into queue to be opened asynchronously!
[LOG] AsyncThread::add                         : add sound to async queue : soundi = 00000248FD5DB3A8, queue head = 00000245B0C96F78, queue count = 0
[LOG] SystemI::createSound                     : filename = Assets/FmodProj/GameOff2023_FMOD/Build/Desktop/Master.bank : mode 02010082
[LOG] AsyncThread::threadFunc                  : Starting Asynchronous operation on sound 00000248FD5DB3A8
[LOG] SystemI::createSound                     : FMOD_NONBLOCKING specified.  Putting into queue to be opened asynchronously!
[LOG] SystemI::createSoundInternal             :     Create name='Assets/FmodProj/GameOff2023_FMOD/Build/Desktop/Master.bank', mode=0x02010082
[LOG] AsyncThread::add                         :     add sound to async queue : soundi = 00000248FD5DB708, queue head = 00000245B0C96F78, queue count = 0
[LOG] SystemI::createSoundInternal             :     exinfo->cbsize             = 224
[LOG] SystemI::createSound                     :     filename = Assets/FmodProj/GameOff2023_FMOD/Build/Desktop/Master.bank : mode 02010082
[LOG] SystemI::createSoundInternal             :     exinfo->length             = 3187136
[LOG] SystemI::createSound                     :     FMOD_NONBLOCKING specified.  Putting into queue to be opened asynchronously!
[LOG] SystemI::createSoundInternal             :     exinfo->fileoffset         = 15040
[LOG] AsyncThread::add                         :     add sound to async queue : soundi = 00000248FD5DB8B8, queue head = 00000245B0C96F78, queue count = 1
[LOG] SystemI::createSoundInternal             :     exinfo->numsubsounds       = 1
[LOG] SystemI::createSoundInternal             :     exinfo->inclusionlist      = 000002482BD5CFC0
[LOG] SystemI::createSoundInternal             :     exinfo->inclusionlistnum   = 1
[LOG] SystemI::createSoundInternal             :     exinfo->suggestedsoundtype = 5
[LOG] SystemI::createSoundInternal             :     exinfo->initialseekpostype = 1
[LOG] SystemI::createSoundInternal             :     Stream 0/1: name='Mx_01_Part1_Hot_4', format=5, channels=2, frequency=48000, lengthbytes=327200, lengthpcm=2094546, pcmblocksize=0, loopstart=0, loopend=0, mode=0x00000000, channelmask=0x00000000, channelorder=0, peakvolume=0.065006.
[LOG] AsyncThread::threadFunc                  : Finished Asynchronous operation on sound 00000248FD5DB3A8
[LOG] AsyncThread::threadFunc                  : Starting Asynchronous operation on sound 00000248FD5DB708
[LOG] SystemI::createSoundInternal             :     Create name='Assets/FmodProj/GameOff2023_FMOD/Build/Desktop/Master.bank', mode=0x02010082
[LOG] SystemI::createSoundInternal             :     exinfo->cbsize             = 224
[LOG] SystemI::createSoundInternal             :     exinfo->length             = 3187136
[LOG] SystemI::createSoundInternal             :     exinfo->fileoffset         = 15040
[LOG] SystemI::createSoundInternal             :     exinfo->numsubsounds       = 1
[LOG] SystemI::createSoundInternal             :     exinfo->inclusionlist      = 000002482BD5C200
[LOG] SystemI::createSoundInternal             :     exinfo->inclusionlistnum   = 1
[LOG] SystemI::createSoundInternal             :     exinfo->suggestedsoundtype = 5
[LOG] SystemI::createSoundInternal             :     exinfo->initialseekpostype = 1
[LOG] SystemI::createSoundInternal             :     Stream 0/1: name='Mx_01_Part1_Cold_4', format=5, channels=2, frequency=48000, lengthbytes=423968, lengthpcm=2094546, pcmblocksize=0, loopstart=0, loopend=0, mode=0x00000000, channelmask=0x00000000, channelorder=0, peakvolume=0.031246.
[LOG] AsyncThread::threadFunc                  : Finished Asynchronous operation on sound 00000248FD5DB708
[LOG] AsyncThread::threadFunc                  : Starting Asynchronous operation on sound 00000248FD5DB8B8
[LOG] SystemI::createSoundInternal             :     Create name='Assets/FmodProj/GameOff2023_FMOD/Build/Desktop/Master.bank', mode=0x02010082
[LOG] SystemI::createSoundInternal             :     exinfo->cbsize             = 224
[LOG] SystemI::createSoundInternal             :     exinfo->length             = 3187136
[LOG] SystemI::createSoundInternal             :     exinfo->fileoffset         = 15040
[LOG] SystemI::createSoundInternal             :     exinfo->numsubsounds       = 1
[LOG] SystemI::createSoundInternal             :     exinfo->inclusionlist      = 000002482BD5C340
[LOG] SystemI::createSoundInternal             :     exinfo->inclusionlistnum   = 1
[LOG] SystemI::createSoundInternal             :     exinfo->suggestedsoundtype = 5
[LOG] SystemI::createSoundInternal             :     exinfo->initialseekpostype = 1
[LOG] SystemI::createSoundInternal             :     Stream 0/1: name='Mx_01_Part1_Main_4', format=5, channels=2, frequency=48000, lengthbytes=466016, lengthpcm=2094546, pcmblocksize=0, loopstart=0, loopend=0, mode=0x00000000, channelmask=0x00000000, channelorder=0, peakvolume=0.332880.
[LOG] AsyncThread::threadFunc                  : Finished Asynchronous operation on sound 00000248FD5DB8B8
[LOG] SoundI::release                          : Mx_01_Intro_Main_1 (000002482AFA1DF8)
[LOG] SoundI::release                          :     Mx_01_Intro_Main_1 (000002482AF01E38)
[LOG] SoundI::release                          :     Mx_01_Intro_Main_1 (000002482A986158)
[LOG] SoundI::release                          : Mx_01_Intro_Main_1 (000002482C3C3A88)
[LOG] SoundI::release                          :     Mx_01_Intro_Main_1 (00000245B0D7B648)
[LOG] SoundI::release                          :     Mx_01_Intro_Main_1 (000002482CA4D228)
[LOG] SoundI::release                          : Mx_01_Part1_Main_4 (00000248FD5DB8B8)
[LOG] SoundI::release                          :     Mx_01_Part1_Main_4 (000002482AF01478)
[LOG] SoundI::release                          :     Mx_01_Part1_Main_4 (000002482A985C48)
[LOG] SoundI::release                          : Mx_01_Part1_Cold_4 (00000248FD5DB708)
[LOG] SoundI::release                          :     Mx_01_Part1_Cold_4 (000002482AF01AF8)
[LOG] SoundI::release                          :     Mx_01_Part1_Cold_4 (000002482A985FA8)
[LOG] SoundI::release                          : Mx_01_Part1_Hot_4 (00000248FD5DB3A8)
[LOG] SoundI::release                          :     Mx_01_Part1_Hot_4 (000002482AF01FD8)
[LOG] SoundI::release                          :     Mx_01_Part1_Hot_4 (000002482A985DF8)
[LOG] SoundI::release                          :  (0000024825FF3D48)
[LOG] SoundI::release                          :     Mx_02_Intro_Main (00000245B0D7D6C8)
[LOG] Thread::callback                         : FMOD Studio update thread finished.
[LOG] Thread::callback                         : FMOD Studio bank load thread finished.
[LOG] Profile::disconnectAll                   : Profiler disconnecting all clients
[LOG] Thread::callback                         : FMOD Studio sample load thread finished.
[LOG] LiveUpdate::release                      : 
[LOG] LiveUpdate::reset                        : Reset connection (reason Disconnected)
[LOG] Thread::callback                         : FMOD stream thread finished.
[LOG] Thread::callback                         : FMOD mixer thread finished.
[LOG] Profile::disconnectAll                   : Profiler disconnecting all clients
[LOG] SystemI::close                           : Closed.
[LOG] Thread::callback                         : FMOD Studio bank load thread finished.
[LOG] Thread::callback                         : FMOD Studio sample load thread finished.
[LOG] LiveUpdate::release                      : 
[LOG] LiveUpdate::reset                        : Reset connection (reason Disconnected)
[LOG] Thread::callback                         : FMOD stream thread finished.
[LOG] Thread::callback                         : FMOD mixer thread finished.
[LOG] SystemI::close                           : Closed.
[LOG] Thread::callback                         : FMOD nonblocking thread (0) finished.
[LOG] Thread::callback                         : FMOD file thread finished.
